
	2026-06-23T00:15:55.158Z	2955902a-2efe-43b5-8ee4-c72896beda46	INFO	[09:15:55.158] Lambda invoked with event: {
	2026-06-23T00:15:57.077Z	2955902a-2efe-43b5-8ee4-c72896beda46	INFO	[09:15:57.076] [손덕일] 🌐 Outbound IP: 13.209.17.133, invoke received at: 09:15:55.151
	2026-06-23T00:15:57.077Z	2955902a-2efe-43b5-8ee4-c72896beda46	INFO	[09:15:57.077] [손덕일] ⏱️ Starting initial slot fetch (immediate mode) for 20260707
	2026-06-23T00:15:57.077Z	2955902a-2efe-43b5-8ee4-c72896beda46	INFO	[09:15:57.077] [손덕일] Immediate execution. Skipping wait.
	2026-06-23T00:15:57.218Z	2955902a-2efe-43b5-8ee4-c72896beda46	INFO	[09:15:57.218] [손덕일] ✅ Slot fetch completed (immediate). Count: 44, elapsed: 141ms
	2026-06-23T00:15:57.219Z	2955902a-2efe-43b5-8ee4-c72896beda46	INFO	[09:15:57.219] [손덕일] ⏱️ Waiting 283ms after initial slot fetch before booking attempts (immediate mode).
	2026-06-23T00:15:57.503Z	2955902a-2efe-43b5-8ee4-c72896beda46	INFO	[09:15:57.503] [손덕일] 📊 Initial tee stats - total: 44, firstHalf: 35, secondHalf: 9, inRange: 17
	2026-06-23T00:15:57.503Z	2955902a-2efe-43b5-8ee4-c72896beda46	INFO	[09:15:57.503] [손덕일] 🎯 Primary target (immediate): 0806 on course A (totalTargets=17)
	2026-06-23T00:15:57.703Z	2955902a-2efe-43b5-8ee4-c72896beda46	INFO	[09:15:57.703] [손덕일] ✅ Claimed slot 0806 (A) in DynamoDB (immediate)
	2026-06-23T00:15:57.718Z	2955902a-2efe-43b5-8ee4-c72896beda46	INFO	[09:15:57.718] [손덕일] ➡️ Trying to book time: 0806 on course A (delay: 12ms)
	2026-06-23T00:15:57.961Z	2955902a-2efe-43b5-8ee4-c72896beda46	INFO	[09:15:57.961] [손덕일] ⏱️ create completed for 0806 in 155ms. Waiting 1029ms before final booking POST.
	2026-06-23T00:15:59.145Z	2955902a-2efe-43b5-8ee4-c72896beda46	INFO	[09:15:59.145] [손덕일] ⏱️ final booking POST completed for 0806 in 153ms.
	2026-06-23T00:15:59.145Z	2955902a-2efe-43b5-8ee4-c72896beda46	INFO	[09:15:59.145] [손덕일] 🎉 Successfully booked time: 0806 (total booking sequence: 1427ms)
	2026-06-23T00:15:59.145Z	2955902a-2efe-43b5-8ee4-c72896beda46	INFO	[09:15:59.145] [손덕일] Booking successful (immediate).
	2026-06-23T00:15:59.220Z	2955902a-2efe-43b5-8ee4-c72896beda46	INFO	[09:15:59.220] [손덕일] 📝 Booking result saved to DynamoDB (success=true)
	END RequestId: 2955902a-2efe-43b5-8ee4-c72896beda46
	REPORT RequestId: 2955902a-2efe-43b5-8ee4-c72896beda46	Duration: 4110.49 ms	Billed Duration: 5148 ms	Memory Size: 256 MB	Max Memory Used: 135 MB	Init Duration: 1037.46 ms	
	START RequestId: 2955902a-2efe-43b5-8ee4-c72896beda46 Version: $LATEST
    END_TIME: '0700',
    LOGIN_ID: '11021511',
    LOGIN_PASSWORD: 'sdi12345',
    NAME: '손덕일',
    PRIMARY_SLOT_OFFSET: 0
    START_TIME: '0840',
    TARGET_DATE: '20260707',
  },
  config: {
  immediate: true,
  offsetMs: null
}
INIT_START Runtime Version: nodejs:22.v78	Runtime Version ARN: arn:aws:lambda:ap-northeast-2::runtime:ab6b11703de54c7e23d588024a17ddfc191cdfd59fda97876f938c3c51e3eaa5
